Arguments: 
  /Users/kyledavis/.nvm/versions/node/v10.15.0/bin/node /Users/kyledavis/.nvm/versions/node/v10.15.0/bin/yarn

PATH: 
  /Users/kyledavis/.rbenv/shims:/Users/kyledavis/.nvm/versions/node/v10.15.0/bin:/usr/local/bin:/usr/bin:/bin:/usr/sbin:/sbin:/usr/local/go/bin:/opt/X11/bin:/Applications/Postgres.app/Contents/Versions/latest/bin:/Users/kyledavis/.rbenv/shims:/Users/kyledavis/go/bin:/Users/kyledavis/go/src/github.com/pressly/api/scripts:/Users/kyledavis/go/src/github.com/pressly/api/bin:/Users/kyledavis/go/bin:/Users/kyledavis/go/src/github.com/pressly/api/scripts:/Users/kyledavis/go/src/github.com/pressly/api/bin:/Users/kyledavis/.nvm/versions/node/v10.15.0/bin:/usr/local/bin:/usr/bin:/bin:/usr/sbin:/sbin:/usr/local/go/bin:/opt/X11/bin:/Applications/Postgres.app/Contents/Versions/latest/bin:/Users/kyledavis/.rbenv/shims:/Users/kyledavis/go/bin:/Users/kyledavis/go/src/github.com/pressly/api/scripts:/Users/kyledavis/go/src/github.com/pressly/api/bin

Yarn version: 
  1.15.2

Node version: 
  10.15.0

Platform: 
  darwin x64

Trace: 
  SyntaxError: /Users/kyledavis/Desktop/brody-2/package.json: Unexpected token ] in JSON at position 682
      at JSON.parse (<anonymous>)
      at /Users/kyledavis/.nvm/versions/node/v10.15.0/lib/node_modules/yarn/lib/cli.js:1625:59
      at Generator.next (<anonymous>)
      at step (/Users/kyledavis/.nvm/versions/node/v10.15.0/lib/node_modules/yarn/lib/cli.js:304:30)
      at /Users/kyledavis/.nvm/versions/node/v10.15.0/lib/node_modules/yarn/lib/cli.js:315:13

npm manifest: 
  {
    "name": "brody-2",
    "version": "1.0.1",
    "description": "",
    "main": "index.js",
    "scripts": {
      "test": "echo \"Error: no test specified\" && exit 1"
    },
    "author": "Kyle Davis (https://twitter.com/validkeys)",
    "license": "MIT",
    "dependencies": {
      "prompts": "^2.0.4",
      "babel-cli": "^6.26.0",
      "babel-core": "6.26.3",
      "babel-eslint": "10.0.1",
      "babel-plugin-source-map-support": "^2.0.1",
      "babel-plugin-transform-object-rest-spread": "^6.26.0",
      "babel-plugin-transform-runtime": "^6.23.0",
      "babel-preset-env": "^1.7.0"
    },
    "babel": {
      "sourceMaps": "both",
      "plugins": [
        "babel-plugin-transform-object-rest-spread",
      ],
      "presets": [
        [
          "env",
          {
            "debug": false,
            "targets": {
              "node": "current"
            },
            "ignore": [
              "node_modules/**"
            ]
          }
        ]
      ],
      "env": {}
    }
  }

yarn manifest: 
  No manifest

Lockfile: 
  # THIS IS AN AUTOGENERATED FILE. DO NOT EDIT THIS FILE DIRECTLY.
  # yarn lockfile v1
  
  
  kleur@^3.0.2:
    version "3.0.3"
    resolved "https://registry.yarnpkg.com/kleur/-/kleur-3.0.3.tgz#a79c9ecc86ee1ce3fa6206d1216c501f147fc07e"
    integrity sha512-eTIzlVOSUR+JxdDFepEYcBMtZ9Qqdef+rnzWdRZuMbOywu5tO2w2N7rqjoANZ5k9vywhL6Br1VRjUIgTQx4E8w==
  
  prompts@^2.0.4:
    version "2.0.4"
    resolved "https://registry.yarnpkg.com/prompts/-/prompts-2.0.4.tgz#179f9d4db3128b9933aa35f93a800d8fce76a682"
    integrity sha512-HTzM3UWp/99A0gk51gAegwo1QRYA7xjcZufMNe33rCclFszUYAuHe1fIN/3ZmiHeGPkUsNaRyQm1hHOfM0PKxA==
    dependencies:
      kleur "^3.0.2"
      sisteransi "^1.0.0"
  
  sisteransi@^1.0.0:
    version "1.0.0"
    resolved "https://registry.yarnpkg.com/sisteransi/-/sisteransi-1.0.0.tgz#77d9622ff909080f1c19e5f4a1df0c1b0a27b88c"
    integrity sha512-N+z4pHB4AmUv0SjveWRd6q1Nj5w62m5jodv+GD8lvmbY/83T/rpbJGZOnK5T149OldDj4Db07BSv9xY4K6NTPQ==
